生成启动时间为 2015/11/22 15:37:06。
     1>项目“H:\3Dengine\Jac-3DEngine\Build\Windows\x86_32\Engine\Engine.vcxproj”在节点 2 上(Build 个目标)。
     1>CustomBuild:
         Building Custom Rule H:/3Dengine/Jac-3DEngine/Engine/CMakeLists.txt
         CMake does not need to re-run because H:\3Dengine\Jac-3DEngine\Build\Windows\x86_32\Engine\CMakeFiles\generate.stamp is up-to-date.
       ClCompile:
         C:\Program Files (x86)\Microsoft Visual Studio 12.0\VC\bin\CL.exe /c /I"H:\3Dengine\Jac-3DEngine\External\include" /I"H:\3Dengine\Jac-3DEngine\Engine\include" /I"H:\3Dengine\Jac-3DEngine\Asset" /I\..\External\include /I\include /Zi /nologo /W3 /WX- /Od /Ob0 /Oy- /D WIN32 /D _WINDOWS /D _DEBUG /D _CRT_SECURE_NO_WARNINGS /D "CMAKE_INTDIR=\"Debug\"" /D _MBCS /Gm- /EHsc /RTC1 /MDd /GS /fp:precise /Zc:wchar_t /Zc:forScope /GR /Fo"Engine.dir\Debug\\" /Fd"Engine.dir\Debug\vc120.pdb" /Gd /TP /analyze- /errorReport:prompt "H:\3Dengine\Jac-3DEngine\Engine\src\Application.cpp" "H:\3Dengine\Jac-3DEngine\Engine\src\Camera.cpp" "H:\3Dengine\Jac-3DEngine\Engine\src\main.cpp" "H:\3Dengine\Jac-3DEngine\Engine\src\Polygon.cpp" "H:\3Dengine\Jac-3DEngine\Engine\src\Shader.cpp" "H:\3Dengine\Jac-3DEngine\Engine\src\TextureMgr.cpp" "H:\3Dengine\Jac-3DEngine\Engine\src\Utility.cpp"
         Application.cpp
     1>C:\Program Files (x86)\Windows Kits\8.1\Include\shared\minwindef.h(130): warning C4005: “APIENTRY”: 宏重定义
                 H:\3Dengine\Jac-3DEngine\External\include\GLFW/glfw3.h(85) : 参见“APIENTRY”的前一个定义
         Camera.cpp
         main.cpp
     1>H:\3Dengine\Jac-3DEngine\Engine\src\main.cpp(1): warning C4005: “_CRT_SECURE_NO_WARNINGS”: 宏重定义
                 命令行参数: 参见前面的“_CRT_SECURE_NO_WARNINGS”定义
     1>C:\Program Files (x86)\Windows Kits\8.1\Include\shared\minwindef.h(130): warning C4005: “APIENTRY”: 宏重定义
                 H:\3Dengine\Jac-3DEngine\External\include\GLFW/glfw3.h(85) : 参见“APIENTRY”的前一个定义
         Polygon.cpp
         Shader.cpp
         TextureMgr.cpp
         Utility.cpp
         正在生成代码...
       Lib:
         C:\Program Files (x86)\Microsoft Visual Studio 12.0\VC\bin\Lib.exe /OUT:"H:\3Dengine\Jac-3DEngine\lib\Debug\Engine.lib" /NOLOGO  /machine:X86 Engine.dir\Debug\Application.obj
         Engine.dir\Debug\Camera.obj
         Engine.dir\Debug\main.obj
         Engine.dir\Debug\Polygon.obj
         Engine.dir\Debug\Shader.obj
         Engine.dir\Debug\TextureMgr.obj
         Engine.dir\Debug\Utility.obj
         Engine.vcxproj -> H:\3Dengine\Jac-3DEngine\lib\Debug\Engine.lib
     1>已完成生成项目“H:\3Dengine\Jac-3DEngine\Build\Windows\x86_32\Engine\Engine.vcxproj”(Build 个目标)的操作。

生成成功。

已用时间 00:00:06.35
