h:\3dengine\jac-3dengine\build\windows\x86_32\engine\engine.dir\debug\vc120.pdb
h:\3dengine\jac-3dengine\build\windows\x86_32\engine\engine.dir\debug\utility.obj
h:\3dengine\jac-3dengine\build\windows\x86_32\engine\engine.dir\debug\triangle.obj
h:\3dengine\jac-3dengine\build\windows\x86_32\engine\engine.dir\debug\texturemgr.obj
h:\3dengine\jac-3dengine\build\windows\x86_32\engine\engine.dir\debug\shader.obj
h:\3dengine\jac-3dengine\build\windows\x86_32\engine\engine.dir\debug\rendersystem.obj
h:\3dengine\jac-3dengine\build\windows\x86_32\engine\engine.dir\debug\polygon.obj
h:\3dengine\jac-3dengine\build\windows\x86_32\engine\engine.dir\debug\main.obj
h:\3dengine\jac-3dengine\build\windows\x86_32\engine\engine.dir\debug\camera.obj
h:\3dengine\jac-3dengine\build\windows\x86_32\engine\engine.dir\debug\application.obj
h:\3dengine\jac-3dengine\build\windows\x86_32\engine\cmakefiles\generate.stamp
h:\3dengine\jac-3dengine\lib\debug\engine.lib
h:\3dengine\jac-3dengine\build\windows\x86_32\engine\engine.dir\debug\engine.tlog\cl.command.1.tlog
h:\3dengine\jac-3dengine\build\windows\x86_32\engine\engine.dir\debug\engine.tlog\cl.read.1.tlog
h:\3dengine\jac-3dengine\build\windows\x86_32\engine\engine.dir\debug\engine.tlog\cl.write.1.tlog
h:\3dengine\jac-3dengine\build\windows\x86_32\engine\engine.dir\debug\engine.tlog\custombuild.command.1.tlog
h:\3dengine\jac-3dengine\build\windows\x86_32\engine\engine.dir\debug\engine.tlog\custombuild.read.1.tlog
h:\3dengine\jac-3dengine\build\windows\x86_32\engine\engine.dir\debug\engine.tlog\custombuild.write.1.tlog
h:\3dengine\jac-3dengine\build\windows\x86_32\engine\engine.dir\debug\engine.tlog\lib-link.read.1.tlog
h:\3dengine\jac-3dengine\build\windows\x86_32\engine\engine.dir\debug\engine.tlog\lib-link.write.1.tlog
h:\3dengine\jac-3dengine\build\windows\x86_32\engine\engine.dir\debug\engine.tlog\lib.command.1.tlog
